Arguments: 
  /home/wellington/.nvm/versions/node/v16.15.0/bin/node /usr/share/yarn/bin/yarn.js init

PATH: 
  /home/wellington/.vscode-server/bin/dfd34e8260c270da74b5c2d86d61aee4b6d56977/bin/remote-cli:/home/wellington/.nvm/versions/node/v16.15.0/bin:/usr/local/sbin:/usr/local/bin:/usr/sbin:/usr/bin:/sbin:/bin:/usr/games:/usr/local/games:/usr/lib/wsl/lib:/mnt/c/WINDOWS/system32:/mnt/c/WINDOWS:/mnt/c/WINDOWS/System32/Wbem:/mnt/c/WINDOWS/System32/WindowsPowerShell/v1.0/:/mnt/c/WINDOWS/System32/OpenSSH/:/mnt/d/Arquivos de Programas/Git/cmd:/mnt/d/Arquivos de Programas/Git/mingw64/bin:/mnt/d/Arquivos de Programas/Git/usr/bin:/mnt/c/Program Files (x86)/Intel/Intel(R) Management Engine Components/DAL:/mnt/c/Program Files/Intel/Intel(R) Management Engine Components/DAL:/mnt/c/ProgramData/chocolatey/bin:/mnt/c/Program Files/nodejs/:/mnt/c/Program Files (x86)/Yarn/bin/:/mnt/c/Program Files/Codenation/:/mnt/c/Users/wellington/AppData/Local/Programs/Python/Python39/Scripts:/mnt/c/Program Files/php:/mnt/c/Program Files/OpenJDK/openjdk-11.0.12_7/bin:/mnt/c/Users/wellington/AppData/Local/Yarn/bin:/mnt/c/platform-tools:/mnt/c/Users/wellington/AppData/Local/Programs/Microsoft VS Code/bin:/mnt/c/Users/wellington/AppData/Local/Programs/Python/Python39/Scripts:/mnt/c/Users/wellington/AppData/Local/Programs/Python/Python39/Scripts/pip.exe:/mnt/c/Users/wellington/AppData/Local/GitHubDesktop/bin:/mnt/d/Program Files/JetBrains/PyCharm 2021.1.2/bin:/mnt/d/Program Files/JetBrains/PhpStorm 2021.2/bin:/mnt/c/Program Files/php:/mnt/d/Program Files/heroku/bin

Yarn version: 
  1.22.18

Node version: 
  16.15.0

Platform: 
  linux x64

Trace: 
  Error: canceled
      at Interface.<anonymous> (/usr/share/yarn/lib/cli.js:137143:13)
      at Interface.emit (node:events:527:28)
      at Interface._ttyWrite (node:readline:1081:16)
      at ReadStream.onkeypress (node:readline:288:10)
      at ReadStream.emit (node:events:527:28)
      at emitKeys (node:internal/readline/utils:358:14)
      at emitKeys.next (<anonymous>)
      at ReadStream.onData (node:internal/readline/emitKeypressEvents:61:36)
      at ReadStream.emit (node:events:527:28)
      at addChunk (node:internal/streams/readable:315:12)

npm manifest: 
  No manifest

yarn manifest: 
  No manifest

Lockfile: 
  No lockfile
